{"/home/mathieu/Projects/standard-versions/src/contexts/git.ts": {"path":"/home/mathieu/Projects/standard-versions/src/contexts/git.ts","statementMap":{"0":{"start":{"line":1,"column":0},"end":{"line":1,"column":43}},"1":{"start":{"line":3,"column":0},"end":{"line":3,"column":42}},"2":{"start":{"line":6,"column":14},"end":{"line":14,"column":4}},"3":{"start":{"line":16,"column":2},"end":{"line":16,"column":38}},"4":{"start":{"line":18,"column":2},"end":{"line":20,"column":null}},"5":{"start":{"line":19,"column":4},"end":{"line":19,"column":15}},"6":{"start":{"line":23,"column":24},"end":{"line":23,"column":61}},"7":{"start":{"line":24,"column":2},"end":{"line":27,"column":null}},"8":{"start":{"line":25,"column":4},"end":{"line":25,"column":24}},"9":{"start":{"line":26,"column":4},"end":{"line":26,"column":34}},"10":{"start":{"line":30,"column":22},"end":{"line":30,"column":59}},"11":{"start":{"line":31,"column":2},"end":{"line":34,"column":null}},"12":{"start":{"line":32,"column":4},"end":{"line":32,"column":21}},"13":{"start":{"line":33,"column":4},"end":{"line":33,"column":29}},"14":{"start":{"line":36,"column":2},"end":{"line":36,"column":13}},"15":{"start":{"line":5,"column":0},"end":{"line":5,"column":7}}},"fnMap":{"0":{"name":"git","decl":{"start":{"line":5,"column":22},"end":{"line":5,"column":25}},"loc":{"start":{"line":5,"column":25},"end":{"line":37,"column":1}}}},"branchMap":{"0":{"loc":{"start":{"line":9,"column":31},"end":{"line":9,"column":35}},"type":"cond-expr","locations":[{"start":{"line":9,"column":31},"end":{"line":9,"column":35}},{"start":{"line":9,"column":35},"end":{"line":9,"column":37}}]},"1":{"loc":{"start":{"line":9,"column":7},"end":{"line":9,"column":35}},"type":"binary-expr","locations":[{"start":{"line":9,"column":7},"end":{"line":9,"column":35}},{"start":{"line":9,"column":31},"end":{"line":9,"column":35}}]},"2":{"loc":{"start":{"line":18,"column":2},"end":{"line":20,"column":null}},"type":"if","locations":[{"start":{"line":18,"column":2},"end":{"line":20,"column":null}},{"start":{"line":18,"column":2},"end":{"line":20,"column":null}}]},"3":{"loc":{"start":{"line":24,"column":2},"end":{"line":27,"column":null}},"type":"if","locations":[{"start":{"line":24,"column":2},"end":{"line":27,"column":null}},{"start":{"line":24,"column":2},"end":{"line":27,"column":null}}]},"4":{"loc":{"start":{"line":24,"column":6},"end":{"line":24,"column":28}},"type":"binary-expr","locations":[{"start":{"line":24,"column":6},"end":{"line":24,"column":28}},{"start":{"line":24,"column":32},"end":{"line":24,"column":62}}]},"5":{"loc":{"start":{"line":31,"column":2},"end":{"line":34,"column":null}},"type":"if","locations":[{"start":{"line":31,"column":2},"end":{"line":34,"column":null}},{"start":{"line":31,"column":2},"end":{"line":34,"column":null}}]},"6":{"loc":{"start":{"line":31,"column":6},"end":{"line":31,"column":26}},"type":"binary-expr","locations":[{"start":{"line":31,"column":6},"end":{"line":31,"column":26}},{"start":{"line":31,"column":30},"end":{"line":31,"column":58}}]}},"s":{"0":1,"1":1,"2":0,"3":0,"4":0,"5":0,"6":0,"7":0,"8":0,"9":0,"10":0,"11":0,"12":0,"13":0,"14":0,"15":1},"f":{"0":0},"b":{"0":[0,0],"1":[0,0],"2":[0,0],"3":[0,0],"4":[0,0],"5":[0,0],"6":[0,0]}}
,"/home/mathieu/Projects/standard-versions/src/contexts/github.ts": {"path":"/home/mathieu/Projects/standard-versions/src/contexts/github.ts","statementMap":{"0":{"start":{"line":1,"column":0},"end":{"line":1,"column":43}},"1":{"start":{"line":5,"column":2},"end":{"line":8,"column":4}},"2":{"start":{"line":4,"column":0},"end":{"line":4,"column":16}}},"fnMap":{"0":{"name":"github","decl":{"start":{"line":4,"column":16},"end":{"line":4,"column":22}},"loc":{"start":{"line":4,"column":22},"end":{"line":9,"column":1}}}},"branchMap":{"0":{"loc":{"start":{"line":6,"column":33},"end":{"line":6,"column":37}},"type":"cond-expr","locations":[{"start":{"line":6,"column":33},"end":{"line":6,"column":37}},{"start":{"line":6,"column":37},"end":{"line":6,"column":44}}]},"1":{"loc":{"start":{"line":6,"column":6},"end":{"line":6,"column":37}},"type":"binary-expr","locations":[{"start":{"line":6,"column":6},"end":{"line":6,"column":37}},{"start":{"line":6,"column":33},"end":{"line":6,"column":37}}]},"2":{"loc":{"start":{"line":7,"column":41},"end":{"line":7,"column":45}},"type":"cond-expr","locations":[{"start":{"line":7,"column":41},"end":{"line":7,"column":45}},{"start":{"line":7,"column":45},"end":{"line":7,"column":51}}]},"3":{"loc":{"start":{"line":7,"column":10},"end":{"line":7,"column":45}},"type":"binary-expr","locations":[{"start":{"line":7,"column":10},"end":{"line":7,"column":45}},{"start":{"line":7,"column":41},"end":{"line":7,"column":45}}]}},"s":{"0":1,"1":0,"2":1},"f":{"0":0},"b":{"0":[0,0],"1":[0,0],"2":[0,0],"3":[0,0]}}
,"/home/mathieu/Projects/standard-versions/src/contexts/version.ts": {"path":"/home/mathieu/Projects/standard-versions/src/contexts/version.ts","statementMap":{"0":{"start":{"line":1,"column":0},"end":{"line":1,"column":46}},"1":{"start":{"line":2,"column":0},"end":{"line":2,"column":43}},"2":{"start":{"line":12,"column":40},"end":{"line":23,"column":2}},"3":{"start":{"line":26,"column":15},"end":{"line":28,"column":19}},"4":{"start":{"line":27,"column":4},"end":{"line":27,"column":33}},"5":{"start":{"line":30,"column":2},"end":{"line":32,"column":null}},"6":{"start":{"line":31,"column":4},"end":{"line":31,"column":19}},"7":{"start":{"line":34,"column":2},"end":{"line":39,"column":null}},"8":{"start":{"line":35,"column":38},"end":{"line":35,"column":77}},"9":{"start":{"line":36,"column":4},"end":{"line":36,"column":35}},"10":{"start":{"line":38,"column":4},"end":{"line":38,"column":19}},"11":{"start":{"line":25,"column":0},"end":{"line":25,"column":16}}},"fnMap":{"0":{"name":"version","decl":{"start":{"line":25,"column":16},"end":{"line":25,"column":23}},"loc":{"start":{"line":25,"column":23},"end":{"line":40,"column":1}}},"1":{"name":"(anonymous_1)","decl":{"start":{"line":26,"column":37},"end":{"line":26,"column":38}},"loc":{"start":{"line":26,"column":59},"end":{"line":28,"column":3}}}},"branchMap":{"0":{"loc":{"start":{"line":30,"column":2},"end":{"line":32,"column":null}},"type":"if","locations":[{"start":{"line":30,"column":2},"end":{"line":32,"column":null}},{"start":{"line":30,"column":2},"end":{"line":32,"column":null}}]},"1":{"loc":{"start":{"line":34,"column":2},"end":{"line":39,"column":null}},"type":"if","locations":[{"start":{"line":34,"column":2},"end":{"line":39,"column":null}},{"start":{"line":34,"column":2},"end":{"line":39,"column":null}}]},"2":{"loc":{"start":{"line":36,"column":23},"end":{"line":36,"column":27}},"type":"cond-expr","locations":[{"start":{"line":36,"column":23},"end":{"line":36,"column":27}},{"start":{"line":36,"column":27},"end":{"line":36,"column":34}}]},"3":{"loc":{"start":{"line":36,"column":4},"end":{"line":36,"column":27}},"type":"binary-expr","locations":[{"start":{"line":36,"column":4},"end":{"line":36,"column":27}},{"start":{"line":36,"column":23},"end":{"line":36,"column":27}}]}},"s":{"0":1,"1":1,"2":1,"3":0,"4":0,"5":0,"6":0,"7":0,"8":0,"9":0,"10":0,"11":1},"f":{"0":0,"1":0},"b":{"0":[0,0],"1":[0,0],"2":[0,0],"3":[0,0]}}
,"/home/mathieu/Projects/standard-versions/src/lib/constants.ts": {"path":"/home/mathieu/Projects/standard-versions/src/lib/constants.ts","statementMap":{"0":{"start":{"line":1,"column":13},"end":{"line":1,"column":33}}},"fnMap":{},"branchMap":{},"s":{"0":1},"f":{},"b":{}}
,"/home/mathieu/Projects/standard-versions/src/lib/context.ts": {"path":"/home/mathieu/Projects/standard-versions/src/lib/context.ts","statementMap":{"0":{"start":{"line":1,"column":0},"end":{"line":1,"column":38}},"1":{"start":{"line":2,"column":0},"end":{"line":2,"column":44}},"2":{"start":{"line":3,"column":0},"end":{"line":3,"column":46}},"3":{"start":{"line":11,"column":10},"end":{"line":11,"column":44}},"4":{"start":{"line":14,"column":21},"end":{"line":14,"column":34}},"5":{"start":{"line":15,"column":4},"end":{"line":18,"column":25}},"6":{"start":{"line":20,"column":4},"end":{"line":20,"column":20}},"7":{"start":{"line":24,"column":4},"end":{"line":24,"column":54}},"8":{"start":{"line":28,"column":17},"end":{"line":28,"column":31}},"9":{"start":{"line":29,"column":19},"end":{"line":29,"column":53}},"10":{"start":{"line":29,"column":34},"end":{"line":29,"column":52}},"11":{"start":{"line":31,"column":4},"end":{"line":31,"column":56}},"12":{"start":{"line":35,"column":28},"end":{"line":35,"column":73}},"13":{"start":{"line":36,"column":4},"end":{"line":36,"column":35}},"14":{"start":{"line":38,"column":4},"end":{"line":38,"column":16}},"15":{"start":{"line":42,"column":29},"end":{"line":42,"column":68}},"16":{"start":{"line":43,"column":4},"end":{"line":45,"column":7}},"17":{"start":{"line":44,"column":6},"end":{"line":44,"column":40}},"18":{"start":{"line":47,"column":4},"end":{"line":47,"column":16}},"19":{"start":{"line":51,"column":4},"end":{"line":51,"column":34}},"20":{"start":{"line":9,"column":0},"end":{"line":9,"column":13}}},"fnMap":{"0":{"name":"(anonymous_0)","decl":{"start":{"line":9,"column":0},"end":{"line":9,"column":13}},"loc":{"start":{"line":9,"column":0},"end":{"line":53,"column":1}}},"1":{"name":"(anonymous_1)","decl":{"start":{"line":13,"column":2},"end":{"line":13,"column":8}},"loc":{"start":{"line":13,"column":19},"end":{"line":21,"column":3}}},"2":{"name":"(anonymous_2)","decl":{"start":{"line":23,"column":2},"end":{"line":23,"column":8}},"loc":{"start":{"line":23,"column":26},"end":{"line":25,"column":3}}},"3":{"name":"(anonymous_3)","decl":{"start":{"line":27,"column":2},"end":{"line":27,"column":5}},"loc":{"start":{"line":27,"column":43},"end":{"line":32,"column":3}}},"4":{"name":"(anonymous_4)","decl":{"start":{"line":29,"column":29},"end":{"line":29,"column":30}},"loc":{"start":{"line":29,"column":34},"end":{"line":29,"column":52}}},"5":{"name":"(anonymous_5)","decl":{"start":{"line":34,"column":2},"end":{"line":34,"column":5}},"loc":{"start":{"line":34,"column":47},"end":{"line":39,"column":3}}},"6":{"name":"(anonymous_6)","decl":{"start":{"line":41,"column":2},"end":{"line":41,"column":9}},"loc":{"start":{"line":41,"column":42},"end":{"line":48,"column":3}}},"7":{"name":"(anonymous_7)","decl":{"start":{"line":43,"column":32},"end":{"line":43,"column":33}},"loc":{"start":{"line":43,"column":48},"end":{"line":45,"column":5}}},"8":{"name":"(anonymous_8)","decl":{"start":{"line":50,"column":2},"end":{"line":50,"column":9}},"loc":{"start":{"line":50,"column":33},"end":{"line":52,"column":3}}}},"branchMap":{"0":{"loc":{"start":{"line":24,"column":27},"end":{"line":24,"column":31}},"type":"cond-expr","locations":[{"start":{"line":24,"column":27},"end":{"line":24,"column":31}},{"start":{"line":24,"column":32},"end":{"line":24,"column":52}}]},"1":{"loc":{"start":{"line":24,"column":4},"end":{"line":24,"column":31}},"type":"binary-expr","locations":[{"start":{"line":24,"column":4},"end":{"line":24,"column":31}},{"start":{"line":24,"column":27},"end":{"line":24,"column":31}}]},"2":{"loc":{"start":{"line":31,"column":21},"end":{"line":31,"column":44}},"type":"cond-expr","locations":[{"start":{"line":31,"column":21},"end":{"line":31,"column":44}},{"start":{"line":31,"column":47},"end":{"line":31,"column":49}}]},"3":{"loc":{"start":{"line":35,"column":58},"end":{"line":35,"column":63}},"type":"cond-expr","locations":[{"start":{"line":35,"column":58},"end":{"line":35,"column":63}},{"start":{"line":35,"column":66},"end":{"line":35,"column":73}}]},"4":{"loc":{"start":{"line":42,"column":57},"end":{"line":42,"column":60}},"type":"cond-expr","locations":[{"start":{"line":42,"column":57},"end":{"line":42,"column":60}},{"start":{"line":42,"column":63},"end":{"line":42,"column":68}}]}},"s":{"0":1,"1":1,"2":1,"3":0,"4":0,"5":0,"6":0,"7":0,"8":0,"9":0,"10":0,"11":0,"12":0,"13":0,"14":0,"15":0,"16":0,"17":0,"18":0,"19":0,"20":1},"f":{"0":0,"1":0,"2":0,"3":0,"4":0,"5":0,"6":0,"7":0,"8":0},"b":{"0":[0,0],"1":[0,0],"2":[0,0],"3":[0,0],"4":[0,0]}}
,"/home/mathieu/Projects/standard-versions/src/lib/io.ts": {"path":"/home/mathieu/Projects/standard-versions/src/lib/io.ts","statementMap":{"0":{"start":{"line":1,"column":0},"end":{"line":1,"column":37}},"1":{"start":{"line":5,"column":15},"end":{"line":5,"column":17}},"2":{"start":{"line":7,"column":2},"end":{"line":13,"column":null}},"3":{"start":{"line":8,"column":4},"end":{"line":10,"column":6}},"4":{"start":{"line":11,"column":9},"end":{"line":13,"column":null}},"5":{"start":{"line":12,"column":4},"end":{"line":12,"column":27}},"6":{"start":{"line":15,"column":2},"end":{"line":15,"column":24}},"7":{"start":{"line":16,"column":2},"end":{"line":23,"column":4}},"8":{"start":{"line":20,"column":8},"end":{"line":20,"column":42}},"9":{"start":{"line":26,"column":2},"end":{"line":26,"column":41}},"10":{"start":{"line":28,"column":2},"end":{"line":28,"column":16}},"11":{"start":{"line":4,"column":0},"end":{"line":4,"column":7}}},"fnMap":{"0":{"name":"execGetOutput","decl":{"start":{"line":4,"column":22},"end":{"line":4,"column":35}},"loc":{"start":{"line":4,"column":95},"end":{"line":29,"column":1}}},"1":{"name":"(anonymous_1)","decl":{"start":{"line":19,"column":14},"end":{"line":19,"column":15}},"loc":{"start":{"line":19,"column":39},"end":{"line":21,"column":7}}}},"branchMap":{"0":{"loc":{"start":{"line":7,"column":2},"end":{"line":13,"column":null}},"type":"if","locations":[{"start":{"line":7,"column":2},"end":{"line":13,"column":null}},{"start":{"line":7,"column":2},"end":{"line":13,"column":null}}]},"1":{"loc":{"start":{"line":11,"column":9},"end":{"line":13,"column":null}},"type":"if","locations":[{"start":{"line":11,"column":9},"end":{"line":13,"column":null}},{"start":{"line":11,"column":9},"end":{"line":13,"column":null}}]}},"s":{"0":2,"1":4,"2":4,"3":4,"4":0,"5":0,"6":4,"7":4,"8":4,"9":4,"10":4,"11":2},"f":{"0":4,"1":4},"b":{"0":[4,0],"1":[0,0]}}
,"/home/mathieu/Projects/standard-versions/src/lib/render.ts": {"path":"/home/mathieu/Projects/standard-versions/src/lib/render.ts","statementMap":{"0":{"start":{"line":1,"column":0},"end":{"line":1,"column":41}},"1":{"start":{"line":2,"column":0},"end":{"line":2,"column":43}},"2":{"start":{"line":5,"column":17},"end":{"line":5,"column":32}},"3":{"start":{"line":7,"column":2},"end":{"line":10,"column":5}},"4":{"start":{"line":8,"column":18},"end":{"line":8,"column":49}},"5":{"start":{"line":9,"column":4},"end":{"line":9,"column":57}},"6":{"start":{"line":13,"column":2},"end":{"line":13,"column":45}},"7":{"start":{"line":15,"column":21},"end":{"line":15,"column":39}},"8":{"start":{"line":16,"column":21},"end":{"line":16,"column":83}},"9":{"start":{"line":17,"column":18},"end":{"line":19,"column":13}},"10":{"start":{"line":18,"column":17},"end":{"line":18,"column":60}},"11":{"start":{"line":22,"column":21},"end":{"line":22,"column":56}},"12":{"start":{"line":23,"column":2},"end":{"line":25,"column":5}},"13":{"start":{"line":24,"column":4},"end":{"line":24,"column":41}},"14":{"start":{"line":27,"column":15},"end":{"line":27,"column":48}},"15":{"start":{"line":28,"column":16},"end":{"line":28,"column":49}},"16":{"start":{"line":29,"column":2},"end":{"line":29,"column":59}},"17":{"start":{"line":31,"column":2},"end":{"line":31,"column":18}},"18":{"start":{"line":4,"column":0},"end":{"line":4,"column":7}}},"fnMap":{"0":{"name":"render","decl":{"start":{"line":4,"column":22},"end":{"line":4,"column":28}},"loc":{"start":{"line":4,"column":45},"end":{"line":32,"column":1}}},"1":{"name":"(anonymous_1)","decl":{"start":{"line":7,"column":40},"end":{"line":7,"column":41}},"loc":{"start":{"line":7,"column":70},"end":{"line":10,"column":3}}},"2":{"name":"(anonymous_2)","decl":{"start":{"line":18,"column":9},"end":{"line":18,"column":12}},"loc":{"start":{"line":18,"column":17},"end":{"line":18,"column":60}}},"3":{"name":"(anonymous_3)","decl":{"start":{"line":23,"column":38},"end":{"line":23,"column":39}},"loc":{"start":{"line":23,"column":42},"end":{"line":25,"column":3}}}},"branchMap":{"0":{"loc":{"start":{"line":16,"column":53},"end":{"line":16,"column":75}},"type":"cond-expr","locations":[{"start":{"line":16,"column":53},"end":{"line":16,"column":75}},{"start":{"line":16,"column":78},"end":{"line":16,"column":83}}]},"1":{"loc":{"start":{"line":18,"column":44},"end":{"line":18,"column":54}},"type":"cond-expr","locations":[{"start":{"line":18,"column":44},"end":{"line":18,"column":54}},{"start":{"line":18,"column":57},"end":{"line":18,"column":60}}]},"2":{"loc":{"start":{"line":23,"column":28},"end":{"line":23,"column":30}},"type":"cond-expr","locations":[{"start":{"line":23,"column":28},"end":{"line":23,"column":30}},{"start":{"line":23,"column":28},"end":{"line":25,"column":5}}]},"3":{"loc":{"start":{"line":23,"column":2},"end":{"line":23,"column":30}},"type":"binary-expr","locations":[{"start":{"line":23,"column":2},"end":{"line":23,"column":30}},{"start":{"line":23,"column":28},"end":{"line":23,"column":30}}]}},"s":{"0":1,"1":1,"2":12,"3":12,"4":96,"5":96,"6":12,"7":12,"8":12,"9":12,"10":36,"11":12,"12":12,"13":9,"14":12,"15":12,"16":12,"17":12,"18":1},"f":{"0":12,"1":96,"2":36,"3":9},"b":{"0":[0,12],"1":[36,0],"2":[6,6],"3":[12,6]}}
}
