TN:
SF:src/contexts/git.ts
FN:5,git
FNF:1
FNH:0
FNDA:0,git
DA:1,1
DA:3,1
DA:5,1
DA:6,0
DA:16,0
DA:18,0
DA:19,0
DA:23,0
DA:24,0
DA:25,0
DA:26,0
DA:30,0
DA:31,0
DA:32,0
DA:33,0
DA:36,0
LF:16
LH:3
BRDA:9,0,0,0
BRDA:9,0,1,0
BRDA:9,1,0,0
BRDA:9,1,1,0
BRDA:18,2,0,0
BRDA:18,2,1,0
BRDA:24,3,0,0
BRDA:24,3,1,0
BRDA:24,4,0,0
BRDA:24,4,1,0
BRDA:31,5,0,0
BRDA:31,5,1,0
BRDA:31,6,0,0
BRDA:31,6,1,0
BRF:14
BRH:0
end_of_record
TN:
SF:src/contexts/github.ts
FN:4,github
FNF:1
FNH:0
FNDA:0,github
DA:1,1
DA:4,1
DA:5,0
LF:3
LH:2
BRDA:6,0,0,0
BRDA:6,0,1,0
BRDA:6,1,0,0
BRDA:6,1,1,0
BRDA:7,2,0,0
BRDA:7,2,1,0
BRDA:7,3,0,0
BRDA:7,3,1,0
BRF:8
BRH:0
end_of_record
TN:
SF:src/contexts/version.ts
FN:25,version
FN:26,(anonymous_1)
FNF:2
FNH:0
FNDA:0,version
FNDA:0,(anonymous_1)
DA:1,1
DA:2,1
DA:12,1
DA:25,1
DA:26,0
DA:27,0
DA:30,0
DA:31,0
DA:34,0
DA:35,0
DA:36,0
DA:38,0
LF:12
LH:4
BRDA:30,0,0,0
BRDA:30,0,1,0
BRDA:34,1,0,0
BRDA:34,1,1,0
BRDA:36,2,0,0
BRDA:36,2,1,0
BRDA:36,3,0,0
BRDA:36,3,1,0
BRF:8
BRH:0
end_of_record
TN:
SF:src/lib/constants.ts
FNF:0
FNH:0
DA:1,1
LF:1
LH:1
BRF:0
BRH:0
end_of_record
TN:
SF:src/lib/context.ts
FN:9,(anonymous_0)
FN:13,(anonymous_1)
FN:23,(anonymous_2)
FN:27,(anonymous_3)
FN:29,(anonymous_4)
FN:34,(anonymous_5)
FN:41,(anonymous_6)
FN:43,(anonymous_7)
FN:50,(anonymous_8)
FNF:9
FNH:0
FNDA:0,(anonymous_0)
FNDA:0,(anonymous_1)
FNDA:0,(anonymous_2)
FNDA:0,(anonymous_3)
FNDA:0,(anonymous_4)
FNDA:0,(anonymous_5)
FNDA:0,(anonymous_6)
FNDA:0,(anonymous_7)
FNDA:0,(anonymous_8)
DA:1,1
DA:2,1
DA:3,1
DA:9,1
DA:11,0
DA:14,0
DA:15,0
DA:20,0
DA:24,0
DA:28,0
DA:29,0
DA:31,0
DA:35,0
DA:36,0
DA:38,0
DA:42,0
DA:43,0
DA:44,0
DA:47,0
DA:51,0
LF:20
LH:4
BRDA:24,0,0,0
BRDA:24,0,1,0
BRDA:24,1,0,0
BRDA:24,1,1,0
BRDA:31,2,0,0
BRDA:31,2,1,0
BRDA:35,3,0,0
BRDA:35,3,1,0
BRDA:42,4,0,0
BRDA:42,4,1,0
BRF:10
BRH:0
end_of_record
TN:
SF:src/lib/io.ts
FN:4,execGetOutput
FN:19,(anonymous_1)
FNF:2
FNH:2
FNDA:4,execGetOutput
FNDA:4,(anonymous_1)
DA:1,2
DA:4,2
DA:5,4
DA:7,4
DA:8,4
DA:11,0
DA:12,0
DA:15,4
DA:16,4
DA:20,4
DA:26,4
DA:28,4
LF:12
LH:10
BRDA:7,0,0,4
BRDA:7,0,1,0
BRDA:11,1,0,0
BRDA:11,1,1,0
BRF:4
BRH:1
end_of_record
TN:
SF:src/lib/render.ts
FN:4,render
FN:7,(anonymous_1)
FN:18,(anonymous_2)
FN:23,(anonymous_3)
FNF:4
FNH:4
FNDA:12,render
FNDA:96,(anonymous_1)
FNDA:36,(anonymous_2)
FNDA:9,(anonymous_3)
DA:1,1
DA:2,1
DA:4,1
DA:5,12
DA:7,12
DA:8,96
DA:9,96
DA:13,12
DA:15,12
DA:16,12
DA:17,12
DA:18,36
DA:22,12
DA:23,12
DA:24,9
DA:27,12
DA:28,12
DA:29,12
DA:31,12
LF:19
LH:19
BRDA:16,0,0,0
BRDA:16,0,1,12
BRDA:18,1,0,36
BRDA:18,1,1,0
BRDA:23,2,0,6
BRDA:23,2,1,6
BRDA:23,3,0,12
BRDA:23,3,1,6
BRF:8
BRH:6
end_of_record
